  [1m[35m (0.5ms)[0m  [1m[35mCREATE TABLE "schema_migrations" ("version" varchar NOT NULL PRIMARY KEY)[0m
  [1m[35m (0.4ms)[0m  [1m[35mCREATE TABLE "ar_internal_metadata" ("key" varchar NOT NULL PRIMARY KEY, "value" varchar, "created_at" datetime(6) NOT NULL, "updated_at" datetime(6) NOT NULL)[0m
  [1m[36mActiveRecord::SchemaMigration Pluck (0.1ms)[0m  [1m[34mSELECT "schema_migrations"."version" FROM "schema_migrations" ORDER BY "schema_migrations"."version" ASC[0m
Migrating to CreateAdmins (20230927175309)
  [1m[36mTRANSACTION (0.0ms)[0m  [1m[36mbegin transaction[0m
  [1m[35m (0.2ms)[0m  [1m[35mCREATE TABLE "admins" ("id" integer PRIMARY KEY AUTOINCREMENT NOT NULL, "username" varchar, "name" varchar, "email" varchar, "password" varchar, "phone_number" varchar, "address" varchar, "credit_number" varchar, "created_at" datetime(6) NOT NULL, "updated_at" datetime(6) NOT NULL)[0m
  [1m[36mActiveRecord::SchemaMigration Create (0.2ms)[0m  [1m[32mINSERT INTO "schema_migrations" ("version") VALUES (?)[0m  [["version", "20230927175309"]]
  [1m[36mTRANSACTION (0.3ms)[0m  [1m[36mcommit transaction[0m
Migrating to CreateTrains (20230927180009)
  [1m[36mTRANSACTION (0.0ms)[0m  [1m[36mbegin transaction[0m
  [1m[35m (0.2ms)[0m  [1m[35mCREATE TABLE "trains" ("id" integer PRIMARY KEY AUTOINCREMENT NOT NULL, "train_number" integer, "departure_station" varchar, "termination_station" varchar, "departure_date" date, "departure_time" time, "arrival_date" date, "arrival_time" time, "ticket_price" float, "train_capacity" integer, "number_of_seats_left" integer, "created_at" datetime(6) NOT NULL, "updated_at" datetime(6) NOT NULL)[0m
  [1m[36mActiveRecord::SchemaMigration Create (0.1ms)[0m  [1m[32mINSERT INTO "schema_migrations" ("version") VALUES (?)[0m  [["version", "20230927180009"]]
  [1m[36mTRANSACTION (0.4ms)[0m  [1m[36mcommit transaction[0m
Migrating to CreateTickets (20230927180058)
  [1m[36mTRANSACTION (0.0ms)[0m  [1m[36mbegin transaction[0m
  [1m[35m (0.3ms)[0m  [1m[35mCREATE TABLE "tickets" ("id" integer PRIMARY KEY AUTOINCREMENT NOT NULL, "confirmation_number" integer, "created_at" datetime(6) NOT NULL, "updated_at" datetime(6) NOT NULL)[0m
  [1m[36mActiveRecord::SchemaMigration Create (0.1ms)[0m  [1m[32mINSERT INTO "schema_migrations" ("version") VALUES (?)[0m  [["version", "20230927180058"]]
  [1m[36mTRANSACTION (0.2ms)[0m  [1m[36mcommit transaction[0m
Migrating to CreatePassengers (20230927180156)
  [1m[36mTRANSACTION (0.0ms)[0m  [1m[36mbegin transaction[0m
  [1m[35m (0.2ms)[0m  [1m[35mCREATE TABLE "passengers" ("id" integer PRIMARY KEY AUTOINCREMENT NOT NULL, "name" varchar, "email" varchar, "password" varchar, "phone_number" varchar, "address" text, "credit_card" varchar, "created_at" datetime(6) NOT NULL, "updated_at" datetime(6) NOT NULL)[0m
  [1m[36mActiveRecord::SchemaMigration Create (0.1ms)[0m  [1m[32mINSERT INTO "schema_migrations" ("version") VALUES (?)[0m  [["version", "20230927180156"]]
  [1m[36mTRANSACTION (0.3ms)[0m  [1m[36mcommit transaction[0m
Migrating to CreateReviews (20230927180247)
  [1m[36mTRANSACTION (0.0ms)[0m  [1m[36mbegin transaction[0m
  [1m[35m (0.4ms)[0m  [1m[35mCREATE TABLE "reviews" ("id" integer PRIMARY KEY AUTOINCREMENT NOT NULL, "rating" decimal, "feedback" text, "created_at" datetime(6) NOT NULL, "updated_at" datetime(6) NOT NULL)[0m
  [1m[36mActiveRecord::SchemaMigration Create (0.1ms)[0m  [1m[32mINSERT INTO "schema_migrations" ("version") VALUES (?)[0m  [["version", "20230927180247"]]
  [1m[36mTRANSACTION (0.3ms)[0m  [1m[36mcommit transaction[0m
  [1m[36mActiveRecord::InternalMetadata Load (0.2ms)[0m  [1m[34mSELECT "ar_internal_metadata".* FROM "ar_internal_metadata" WHERE "ar_internal_metadata"."key" = ? LIMIT ?[0m  [["key", "environment"], ["LIMIT", 1]]
  [1m[36mTRANSACTION (0.0ms)[0m  [1m[36mbegin transaction[0m
  [1m[36mActiveRecord::InternalMetadata Create (0.2ms)[0m  [1m[32mINSERT INTO "ar_internal_metadata" ("key", "value", "created_at", "updated_at") VALUES (?, ?, ?, ?)[0m  [["key", "environment"], ["value", "development"], ["created_at", "2023-09-27 21:14:27.446125"], ["updated_at", "2023-09-27 21:14:27.446125"]]
  [1m[36mTRANSACTION (0.2ms)[0m  [1m[36mcommit transaction[0m
  [1m[36mActiveRecord::SchemaMigration Pluck (0.0ms)[0m  [1m[34mSELECT "schema_migrations"."version" FROM "schema_migrations" ORDER BY "schema_migrations"."version" ASC[0m
Started GET "/" for ::1 at 2023-09-27 17:16:06 -0400
Started GET "/" for ::1 at 2023-09-27 17:16:06 -0400
  [1m[36mActiveRecord::SchemaMigration Pluck (0.1ms)[0m  [1m[34mSELECT "schema_migrations"."version" FROM "schema_migrations" ORDER BY "schema_migrations"."version" ASC[0m
Processing by Rails::WelcomeController#index as HTML
Processing by Rails::WelcomeController#index as HTML
  Rendering /Users/arul/.rbenv/versions/3.0.2/lib/ruby/gems/3.0.0/gems/railties-7.0.8/lib/rails/templates/rails/welcome/index.html.erb
  Rendering /Users/arul/.rbenv/versions/3.0.2/lib/ruby/gems/3.0.0/gems/railties-7.0.8/lib/rails/templates/rails/welcome/index.html.erb
  Rendered /Users/arul/.rbenv/versions/3.0.2/lib/ruby/gems/3.0.0/gems/railties-7.0.8/lib/rails/templates/rails/welcome/index.html.erb (Duration: 1.2ms | Allocations: 952)
  Rendered /Users/arul/.rbenv/versions/3.0.2/lib/ruby/gems/3.0.0/gems/railties-7.0.8/lib/rails/templates/rails/welcome/index.html.erb (Duration: 1.0ms | Allocations: 864)
Completed 200 OK in 16ms (Views: 4.6ms | ActiveRecord: 0.0ms | Allocations: 10896)


Completed 200 OK in 16ms (Views: 4.7ms | ActiveRecord: 0.0ms | Allocations: 10989)


Started GET "/" for ::1 at 2023-09-27 17:16:06 -0400
Processing by Rails::WelcomeController#index as HTML
  Rendering /Users/arul/.rbenv/versions/3.0.2/lib/ruby/gems/3.0.0/gems/railties-7.0.8/lib/rails/templates/rails/welcome/index.html.erb
  Rendered /Users/arul/.rbenv/versions/3.0.2/lib/ruby/gems/3.0.0/gems/railties-7.0.8/lib/rails/templates/rails/welcome/index.html.erb (Duration: 0.4ms | Allocations: 488)
Completed 200 OK in 2ms (Views: 0.9ms | ActiveRecord: 0.0ms | Allocations: 1536)


Started GET "/" for ::1 at 2023-09-27 17:16:15 -0400
Processing by Rails::WelcomeController#index as HTML
  Rendering /Users/arul/.rbenv/versions/3.0.2/lib/ruby/gems/3.0.0/gems/railties-7.0.8/lib/rails/templates/rails/welcome/index.html.erb
  Rendered /Users/arul/.rbenv/versions/3.0.2/lib/ruby/gems/3.0.0/gems/railties-7.0.8/lib/rails/templates/rails/welcome/index.html.erb (Duration: 0.1ms | Allocations: 15)
Completed 200 OK in 1ms (Views: 0.6ms | ActiveRecord: 0.0ms | Allocations: 289)


Started GET "/" for ::1 at 2023-09-27 17:16:48 -0400
  [1m[36mActiveRecord::SchemaMigration Pluck (0.1ms)[0m  [1m[34mSELECT "schema_migrations"."version" FROM "schema_migrations" ORDER BY "schema_migrations"."version" ASC[0m
Processing by Rails::WelcomeController#index as HTML
  Rendering /Users/arul/.rbenv/versions/3.0.2/lib/ruby/gems/3.0.0/gems/railties-7.0.8/lib/rails/templates/rails/welcome/index.html.erb
  Rendered /Users/arul/.rbenv/versions/3.0.2/lib/ruby/gems/3.0.0/gems/railties-7.0.8/lib/rails/templates/rails/welcome/index.html.erb (Duration: 0.8ms | Allocations: 832)
Completed 200 OK in 16ms (Views: 2.6ms | ActiveRecord: 0.0ms | Allocations: 7580)


Started GET "/" for ::1 at 2023-09-27 22:35:29 -0400
  [1m[36mActiveRecord::SchemaMigration Pluck (0.1ms)[0m  [1m[34mSELECT "schema_migrations"."version" FROM "schema_migrations" ORDER BY "schema_migrations"."version" ASC[0m
Processing by Rails::WelcomeController#index as HTML
  Rendering /Users/arul/.rbenv/versions/3.0.2/lib/ruby/gems/3.0.0/gems/railties-7.0.8/lib/rails/templates/rails/welcome/index.html.erb
  Rendered /Users/arul/.rbenv/versions/3.0.2/lib/ruby/gems/3.0.0/gems/railties-7.0.8/lib/rails/templates/rails/welcome/index.html.erb (Duration: 1.3ms | Allocations: 832)
Completed 200 OK in 17ms (Views: 3.9ms | ActiveRecord: 0.0ms | Allocations: 7580)


Started GET "/" for ::1 at 2023-09-27 22:41:13 -0400
Processing by Rails::WelcomeController#index as HTML
  Rendering /Users/arul/.rbenv/versions/3.0.2/lib/ruby/gems/3.0.0/gems/railties-7.0.8/lib/rails/templates/rails/welcome/index.html.erb
  Rendered /Users/arul/.rbenv/versions/3.0.2/lib/ruby/gems/3.0.0/gems/railties-7.0.8/lib/rails/templates/rails/welcome/index.html.erb (Duration: 1.1ms | Allocations: 489)
Completed 200 OK in 5ms (Views: 3.3ms | ActiveRecord: 0.0ms | Allocations: 1546)


  [1m[36mActiveRecord::SchemaMigration Pluck (0.1ms)[0m  [1m[34mSELECT "schema_migrations"."version" FROM "schema_migrations" ORDER BY "schema_migrations"."version" ASC[0m
  [1m[36mActiveRecord::SchemaMigration Pluck (0.0ms)[0m  [1m[34mSELECT "schema_migrations"."version" FROM "schema_migrations" ORDER BY "schema_migrations"."version" ASC[0m
  [1m[36mActiveRecord::SchemaMigration Pluck (0.0ms)[0m  [1m[34mSELECT "schema_migrations"."version" FROM "schema_migrations" ORDER BY "schema_migrations"."version" ASC[0m
Migrating to AddPasswordDigestToAdmins (20230928033454)
  [1m[36mTRANSACTION (0.0ms)[0m  [1m[36mbegin transaction[0m
  [1m[35m (1.1ms)[0m  [1m[35mALTER TABLE "admins" ADD "password_digest" varchar[0m
  [1m[36mActiveRecord::SchemaMigration Create (0.2ms)[0m  [1m[32mINSERT INTO "schema_migrations" ("version") VALUES (?)[0m  [["version", "20230928033454"]]
  [1m[36mTRANSACTION (0.3ms)[0m  [1m[36mcommit transaction[0m
  [1m[36mActiveRecord::InternalMetadata Load (0.4ms)[0m  [1m[34mSELECT "ar_internal_metadata".* FROM "ar_internal_metadata" WHERE "ar_internal_metadata"."key" = ? LIMIT ?[0m  [["key", "environment"], ["LIMIT", 1]]
  [1m[36mActiveRecord::SchemaMigration Pluck (0.0ms)[0m  [1m[34mSELECT "schema_migrations"."version" FROM "schema_migrations" ORDER BY "schema_migrations"."version" ASC[0m
  [1m[36mActiveRecord::SchemaMigration Pluck (0.1ms)[0m  [1m[34mSELECT "schema_migrations"."version" FROM "schema_migrations" ORDER BY "schema_migrations"."version" ASC[0m
  [1m[36mTRANSACTION (0.0ms)[0m  [1m[36mbegin transaction[0m
  [1m[36mAdmin Exists? (0.1ms)[0m  [1m[34mSELECT 1 AS one FROM "admins" WHERE "admins"."username" = ? LIMIT ?[0m  [["username", "admin_username"], ["LIMIT", 1]]
  [1m[36mAdmin Create (0.3ms)[0m  [1m[32mINSERT INTO "admins" ("username", "name", "email", "password", "phone_number", "address", "credit_number", "created_at", "updated_at", "password_digest") VALUES (?, ?, ?, ?, ?, ?, ?, ?, ?, ?)[0m  [["username", "admin_username"], ["name", "Admin Name"], ["email", "admin@example.com"], ["password", "[FILTERED]"], ["phone_number", "1234567890"], ["address", "Admin Address"], ["credit_number", "1234567890123456"], ["created_at", "2023-09-28 03:35:06.753293"], ["updated_at", "2023-09-28 03:35:06.753293"], ["password_digest", "[FILTERED]"]]
  [1m[36mTRANSACTION (0.7ms)[0m  [1m[36mcommit transaction[0m
Started GET "/" for ::1 at 2023-09-28 00:28:24 -0400
  [1m[36mActiveRecord::SchemaMigration Pluck (0.1ms)[0m  [1m[34mSELECT "schema_migrations"."version" FROM "schema_migrations" ORDER BY "schema_migrations"."version" ASC[0m
Processing by Rails::WelcomeController#index as HTML
  Rendering /Users/arul/.rbenv/versions/3.0.2/lib/ruby/gems/3.0.0/gems/railties-7.0.8/lib/rails/templates/rails/welcome/index.html.erb
  Rendered /Users/arul/.rbenv/versions/3.0.2/lib/ruby/gems/3.0.0/gems/railties-7.0.8/lib/rails/templates/rails/welcome/index.html.erb (Duration: 0.9ms | Allocations: 831)
Completed 200 OK in 9ms (Views: 2.6ms | ActiveRecord: 0.0ms | Allocations: 7592)


Started GET "/" for ::1 at 2023-09-28 00:38:00 -0400
  [1m[36mActiveRecord::SchemaMigration Pluck (0.0ms)[0m  [1m[34mSELECT "schema_migrations"."version" FROM "schema_migrations" ORDER BY "schema_migrations"."version" ASC[0m
Processing by SessionsController#new as HTML
  Rendering layout layouts/application.html.erb
  Rendering sessions/new.html.erb within layouts/application
  Rendered sessions/new.html.erb within layouts/application (Duration: 5.8ms | Allocations: 4884)
  Rendered layout layouts/application.html.erb (Duration: 410.1ms | Allocations: 83292)
Completed 200 OK in 426ms (Views: 412.5ms | ActiveRecord: 0.0ms | Allocations: 90236)


Started GET "/" for ::1 at 2023-09-28 00:38:14 -0400
Processing by SessionsController#new as HTML
  Rendering layout layouts/application.html.erb
  Rendering sessions/new.html.erb within layouts/application
  Rendered sessions/new.html.erb within layouts/application (Duration: 2.8ms | Allocations: 2549)
  Rendered layout layouts/application.html.erb (Duration: 6.5ms | Allocations: 4102)
Completed 200 OK in 8ms (Views: 7.3ms | ActiveRecord: 0.0ms | Allocations: 4464)


Started GET "/login" for ::1 at 2023-09-28 00:38:19 -0400
Processing by SessionsController#new as HTML
  Rendering layout layouts/application.html.erb
  Rendering sessions/new.html.erb within layouts/application
  Rendered sessions/new.html.erb within layouts/application (Duration: 1.0ms | Allocations: 2374)
  Rendered layout layouts/application.html.erb (Duration: 2.3ms | Allocations: 3907)
Completed 200 OK in 3ms (Views: 2.7ms | ActiveRecord: 0.0ms | Allocations: 4215)


Started POST "/login" for ::1 at 2023-09-28 00:38:24 -0400
Processing by SessionsController#create as HTML
  Parameters: {"authenticity_token"=>"[FILTERED]", "username"=>"ff", "password"=>"[FILTERED]", "commit"=>"Login"}
  [1m[36mAdmin Load (1.9ms)[0m  [1m[34mSELECT "admins".* FROM "admins" WHERE "admins"."username" = ? LIMIT ?[0m  [["username", "ff"], ["LIMIT", 1]]
  ↳ app/controllers/sessions_controller.rb:6:in `create'
  Rendering layout layouts/application.html.erb
  Rendering sessions/new.html.erb within layouts/application
  Rendered sessions/new.html.erb within layouts/application (Duration: 0.8ms | Allocations: 2230)
  Rendered layout layouts/application.html.erb (Duration: 2.1ms | Allocations: 3865)
Completed 200 OK in 10ms (Views: 2.4ms | ActiveRecord: 2.2ms | Allocations: 8784)


Started POST "/login" for ::1 at 2023-09-28 00:38:27 -0400
Processing by SessionsController#create as HTML
  Parameters: {"authenticity_token"=>"[FILTERED]", "username"=>"", "password"=>"[FILTERED]", "commit"=>"Login"}
  [1m[36mAdmin Load (0.2ms)[0m  [1m[34mSELECT "admins".* FROM "admins" WHERE "admins"."username" = ? LIMIT ?[0m  [["username", ""], ["LIMIT", 1]]
  ↳ app/controllers/sessions_controller.rb:6:in `create'
  Rendering layout layouts/application.html.erb
  Rendering sessions/new.html.erb within layouts/application
  Rendered sessions/new.html.erb within layouts/application (Duration: 2.1ms | Allocations: 2228)
  Rendered layout layouts/application.html.erb (Duration: 5.4ms | Allocations: 3753)
Completed 200 OK in 9ms (Views: 6.1ms | ActiveRecord: 0.2ms | Allocations: 4752)


Started POST "/login" for ::1 at 2023-09-28 00:38:28 -0400
Processing by SessionsController#create as HTML
  Parameters: {"authenticity_token"=>"[FILTERED]", "username"=>"", "password"=>"[FILTERED]", "commit"=>"Login"}
  [1m[36mAdmin Load (0.2ms)[0m  [1m[34mSELECT "admins".* FROM "admins" WHERE "admins"."username" = ? LIMIT ?[0m  [["username", ""], ["LIMIT", 1]]
  ↳ app/controllers/sessions_controller.rb:6:in `create'
  Rendering layout layouts/application.html.erb
  Rendering sessions/new.html.erb within layouts/application
  Rendered sessions/new.html.erb within layouts/application (Duration: 1.4ms | Allocations: 2227)
  Rendered layout layouts/application.html.erb (Duration: 3.8ms | Allocations: 3751)
Completed 200 OK in 8ms (Views: 4.6ms | ActiveRecord: 0.2ms | Allocations: 4683)


Started POST "/login" for ::1 at 2023-09-28 00:38:29 -0400
Processing by SessionsController#create as HTML
  Parameters: {"authenticity_token"=>"[FILTERED]", "username"=>"", "password"=>"[FILTERED]", "commit"=>"Login"}
  [1m[36mAdmin Load (0.3ms)[0m  [1m[34mSELECT "admins".* FROM "admins" WHERE "admins"."username" = ? LIMIT ?[0m  [["username", ""], ["LIMIT", 1]]
  ↳ app/controllers/sessions_controller.rb:6:in `create'
  Rendering layout layouts/application.html.erb
  Rendering sessions/new.html.erb within layouts/application
  Rendered sessions/new.html.erb within layouts/application (Duration: 1.8ms | Allocations: 2227)
  Rendered layout layouts/application.html.erb (Duration: 5.7ms | Allocations: 3751)
Completed 200 OK in 12ms (Views: 6.7ms | ActiveRecord: 0.3ms | Allocations: 4709)


Started POST "/login" for ::1 at 2023-09-28 00:39:39 -0400
Processing by SessionsController#create as HTML
  Parameters: {"authenticity_token"=>"[FILTERED]", "username"=>"admin_username", "password"=>"[FILTERED]", "commit"=>"Login"}
  [1m[36mAdmin Load (0.1ms)[0m  [1m[34mSELECT "admins".* FROM "admins" WHERE "admins"."username" = ? LIMIT ?[0m  [["username", "admin_username"], ["LIMIT", 1]]
  ↳ app/controllers/sessions_controller.rb:6:in `create'
Completed 500 Internal Server Error in 314ms (ActiveRecord: 0.3ms | Allocations: 24817)


  
NameError (undefined local variable or method `desired_path' for #<SessionsController:0x0000000000d4d0>):
  
app/controllers/sessions_controller.rb:9:in `create'
Started POST "/login" for ::1 at 2023-09-28 00:55:19 -0400
  [1m[36mActiveRecord::SchemaMigration Pluck (0.0ms)[0m  [1m[34mSELECT "schema_migrations"."version" FROM "schema_migrations" ORDER BY "schema_migrations"."version" ASC[0m
Processing by SessionsController#create as HTML
  Parameters: {"authenticity_token"=>"[FILTERED]", "username"=>"admin_username", "password"=>"[FILTERED]", "commit"=>"Login"}
  [1m[36mAdmin Load (2.0ms)[0m  [1m[34mSELECT "admins".* FROM "admins" WHERE "admins"."username" = ? LIMIT ?[0m  [["username", "admin_username"], ["LIMIT", 1]]
  ↳ app/controllers/sessions_controller.rb:6:in `create'
Redirected to http://localhost:3000/admin_dashboard/index
Completed 302 Found in 263ms (ActiveRecord: 2.3ms | Allocations: 26228)


Started GET "/admin_dashboard/index" for ::1 at 2023-09-28 00:55:21 -0400
Processing by AdminDashboardController#index as HTML
  Rendering layout layouts/application.html.erb
  Rendering admin_dashboard/index.html.erb within layouts/application
  Rendered admin_dashboard/index.html.erb within layouts/application (Duration: 0.9ms | Allocations: 459)
  Rendered layout layouts/application.html.erb (Duration: 24.4ms | Allocations: 22684)
Completed 200 OK in 35ms (Views: 28.0ms | ActiveRecord: 0.0ms | Allocations: 26794)


Started GET "/admin_dashboard/index" for ::1 at 2023-09-28 00:55:26 -0400
Processing by AdminDashboardController#index as HTML
  Rendering layout layouts/application.html.erb
  Rendering admin_dashboard/index.html.erb within layouts/application
  Rendered admin_dashboard/index.html.erb within layouts/application (Duration: 0.1ms | Allocations: 7)
  Rendered layout layouts/application.html.erb (Duration: 4.9ms | Allocations: 1753)
Completed 200 OK in 7ms (Views: 6.0ms | ActiveRecord: 0.0ms | Allocations: 2098)


Started GET "/admin_dashboard/index" for ::1 at 2023-09-28 00:55:27 -0400
Processing by AdminDashboardController#index as HTML
  Rendering layout layouts/application.html.erb
  Rendering admin_dashboard/index.html.erb within layouts/application
  Rendered admin_dashboard/index.html.erb within layouts/application (Duration: 0.1ms | Allocations: 7)
  Rendered layout layouts/application.html.erb (Duration: 4.1ms | Allocations: 1762)
Completed 200 OK in 5ms (Views: 4.8ms | ActiveRecord: 0.0ms | Allocations: 2070)


Started GET "/admin_dashboard/index" for ::1 at 2023-09-28 00:56:09 -0400
  [1m[36mActiveRecord::SchemaMigration Pluck (0.0ms)[0m  [1m[34mSELECT "schema_migrations"."version" FROM "schema_migrations" ORDER BY "schema_migrations"."version" ASC[0m
Processing by AdminDashboardController#index as HTML
  Rendering layout layouts/application.html.erb
  Rendering admin_dashboard/index.html.erb within layouts/application
  Rendered admin_dashboard/index.html.erb within layouts/application (Duration: 0.4ms | Allocations: 462)
  Rendered layout layouts/application.html.erb (Duration: 14.4ms | Allocations: 22510)
Completed 200 OK in 26ms (Views: 15.9ms | ActiveRecord: 0.0ms | Allocations: 29501)


Started GET "/admin_dashboard/index" for ::1 at 2023-09-28 00:56:17 -0400
  [1m[36mActiveRecord::SchemaMigration Pluck (0.0ms)[0m  [1m[34mSELECT "schema_migrations"."version" FROM "schema_migrations" ORDER BY "schema_migrations"."version" ASC[0m
Processing by AdminDashboardController#index as HTML
  Rendering layout layouts/application.html.erb
  Rendering admin_dashboard/index.html.erb within layouts/application
  Rendered admin_dashboard/index.html.erb within layouts/application (Duration: 0.4ms | Allocations: 462)
  Rendered layout layouts/application.html.erb (Duration: 13.6ms | Allocations: 22193)
Completed 200 OK in 25ms (Views: 15.3ms | ActiveRecord: 0.0ms | Allocations: 29184)


Started GET "/logout" for ::1 at 2023-09-28 00:56:25 -0400
  
ActionController::RoutingError (No route matches [GET] "/logout"):
  
Started GET "/admin_dashboard/index" for ::1 at 2023-09-28 01:00:30 -0400
  [1m[36mActiveRecord::SchemaMigration Pluck (0.0ms)[0m  [1m[34mSELECT "schema_migrations"."version" FROM "schema_migrations" ORDER BY "schema_migrations"."version" ASC[0m
Processing by AdminDashboardController#index as HTML
  Rendering layout layouts/application.html.erb
  Rendering admin_dashboard/index.html.erb within layouts/application
  Rendered admin_dashboard/index.html.erb within layouts/application (Duration: 0.6ms | Allocations: 462)
  Rendered layout layouts/application.html.erb (Duration: 15.6ms | Allocations: 22819)
Completed 200 OK in 31ms (Views: 17.7ms | ActiveRecord: 0.0ms | Allocations: 29810)


Started GET "/logout" for ::1 at 2023-09-28 01:00:34 -0400
  
ActionController::RoutingError (No route matches [GET] "/logout"):
  
Started GET "/" for ::1 at 2023-09-28 01:01:16 -0400
Processing by LandingPageController#index as HTML
  Rendering layout layouts/application.html.erb
  Rendering landing_page/index.html.erb within layouts/application
  Rendered landing_page/index.html.erb within layouts/application (Duration: 0.4ms | Allocations: 253)
  Rendered layout layouts/application.html.erb (Duration: 1.8ms | Allocations: 2276)
Completed 200 OK in 3ms (Views: 2.6ms | ActiveRecord: 0.0ms | Allocations: 3283)


